<?xml version="1.0" encoding="UTF-8"?>
<testsuite name="Registration of a new user in Utest" tests="1" skipped="0" failures="0" errors="0" timestamp="2022-04-14T00:39:01" hostname="CHBOGML-107521" time="31.43">
  <properties/>
  <testcase name="John's log on the Utest page" classname="Registration of a new user in Utest" time="31.43"/>
  <system-out><![CDATA[]]></system-out>
  <system-err><![CDATA[abr 13, 2022 7:39:02 PM org.openqa.selenium.remote.DesiredCapabilities chrome
INFORMACIÓN: Using `new ChromeOptions()` is preferred to `DesiredCapabilities.chrome()`
Starting ChromeDriver 99.0.4844.51 (d537ec02474b5afe23684e7963d538896c63ac77-refs/branch-heads/4844@{#875}) on port 39971
Only local connections are allowed.
Please see https://chromedriver.chromium.org/security-considerations for suggestions on keeping ChromeDriver safe.
ChromeDriver was started successfully.
[1649896743.968][WARNING]: This version of ChromeDriver has not been tested with Chrome version 100.
abr 13, 2022 7:39:04 PM org.openqa.selenium.remote.ProtocolHandshake createSession
INFORMACIÓN: Detected dialect: W3C
[Test worker] INFO net.serenitybdd.core.Serenity - 
        __    _____ _____ ____ _____   ____   _    ____  ____  _____ ____  
  _     \ \  |_   _| ____/ ___|_   _| |  _ \ / \  / ___|/ ___|| ____|  _ \ 
 (_)_____| |   | | |  _| \___ \ | |   | |_) / _ \ \___ \\___ \|  _| | | | |
  _|_____| |   | | | |___ ___) || |   |  __/ ___ \ ___) |___) | |___| |_| |
 (_)     | |   |_| |_____|____/ |_|   |_| /_/   \_\____/|____/|_____|____/ 
        /_/                                                                

TEST PASSED: John's log on the Utest page
----------------------------------------------------------------------------
]]></system-err>
</testsuite>
